Unity Editor version:    2020.3.18f1 (a7d1c678663c)
Branch:                  2020.3/staging
Build type:              Release
Batch mode:              YES
macOS version:           Version 11.4 (Build 20F71)
Darwin version:          20.5.0
Architecture:            x86_64
Running under Rosetta:   NO
Available memory:        16384 MB
Using pre-set license
Pro License: NO

COMMAND LINE ARGUMENTS:
/Applications/Unity/Hub/Editor/2020.3.18f1/Unity.app/Contents/MacOS/Unity
-adb2
-batchMode
-noUpm
-name
AssetImportWorker0
-projectPath
/Users/antony/Downloads/Fall2021/CS98/Hackathing2/hack-a-thing-21f-2-antony-g/Ruby's-Adventure
-logFile
Logs/AssetImportWorker0.log
-srvPort
54538
Successfully changed project path to: /Users/antony/Downloads/Fall2021/CS98/Hackathing2/hack-a-thing-21f-2-antony-g/Ruby's-Adventure
/Users/antony/Downloads/Fall2021/CS98/Hackathing2/hack-a-thing-21f-2-antony-g/Ruby's-Adventure
Using Asset Import Pipeline V2.
Refreshing native plugins compatible for Editor in 59.07 ms, found 3 plugins.
Preloading 0 native plugins for Editor in 0.00 ms.
Initialize engine version: 2020.3.18f1 (a7d1c678663c)
[Subsystems] Discovering subsystems at path /Applications/Unity/Hub/Editor/2020.3.18f1/Unity.app/Contents/Resources/UnitySubsystems
[Subsystems] Discovering subsystems at path /Users/antony/Downloads/Fall2021/CS98/Hackathing2/hack-a-thing-21f-2-antony-g/Ruby's-Adventure/Assets
GfxDevice: creating device client; threaded=0
2021-09-25 22:16:13.186 Unity[68938:1719007] Color LCD preferred device: Intel(R) Iris(TM) Plus Graphics (low power)
2021-09-25 22:16:13.186 Unity[68938:1719007] Metal devices available: 1
2021-09-25 22:16:13.186 Unity[68938:1719007] 0: Intel(R) Iris(TM) Plus Graphics (low power)
2021-09-25 22:16:13.187 Unity[68938:1719007] Using device Intel(R) Iris(TM) Plus Graphics (low power)
Initializing Metal device caps: Intel(R) Iris(TM) Plus Graphics
Initialize mono
Mono path[0] = '/Applications/Unity/Hub/Editor/2020.3.18f1/Unity.app/Contents/Managed'
Mono path[1] = '/Applications/Unity/Hub/Editor/2020.3.18f1/Unity.app/Contents/MonoBleedingEdge/lib/mono/unityjit'
Mono config path = '/Applications/Unity/Hub/Editor/2020.3.18f1/Unity.app/Contents/MonoBleedingEdge/etc'
Using monoOptions --debugger-agent=transport=dt_socket,embedding=1,server=y,suspend=n,address=127.0.0.1:56938
Begin MonoManager ReloadAssembly
Registering precompiled unity dll's ...
Register platform support module: /Applications/Unity/Hub/Editor/2020.3.18f1/Unity.app/Contents/PlaybackEngines/MacStandaloneSupport/UnityEditor.OSXStandalone.Extensions.dll
Registered in 0.003029 seconds.
Native extension for OSXStandalone target not found
Refreshing native plugins compatible for Editor in 47.82 ms, found 3 plugins.
Preloading 0 native plugins for Editor in 0.00 ms.
Mono: successfully reloaded assembly
- Completed reload, in  4.839 seconds
Domain Reload Profiling:
	ReloadAssembly (4840ms)
		BeginReloadAssembly (64ms)
			ExecutionOrderSort (0ms)
			DisableScriptedObjects (0ms)
			BackupInstance (0ms)
			ReleaseScriptingObjects (0ms)
			CreateAndSetChildDomain (1ms)
		EndReloadAssembly (658ms)
			LoadAssemblies (65ms)
			RebuildTransferFunctionScriptingTraits (0ms)
			SetupTypeCache (290ms)
			ReleaseScriptCaches (0ms)
			RebuildScriptCaches (49ms)
			SetupLoadedEditorAssemblies (245ms)
				LogAssemblyErrors (0ms)
				InitializePlatformSupportModulesInManaged (5ms)
				SetLoadedEditorAssemblies (0ms)
				RefreshPlugins (48ms)
				BeforeProcessingInitializeOnLoad (13ms)
				ProcessInitializeOnLoadAttributes (137ms)
				ProcessInitializeOnLoadMethodAttributes (42ms)
				AfterProcessingInitializeOnLoad (0ms)
				EditorAssembliesLoaded (0ms)
			ExecutionOrderSort2 (0ms)
			AwakeInstancesAfterBackupRestoration (0ms)
Platform modules already initialized, skipping
Registering precompiled user dll's ...
Registered in 0.009191 seconds.
Begin MonoManager ReloadAssembly
Native extension for OSXStandalone target not found
Refreshing native plugins compatible for Editor in 41.51 ms, found 3 plugins.
Preloading 0 native plugins for Editor in 0.00 ms.
Mono: successfully reloaded assembly
- Completed reload, in  1.419 seconds
Domain Reload Profiling:
	ReloadAssembly (1421ms)
		BeginReloadAssembly (179ms)
			ExecutionOrderSort (0ms)
			DisableScriptedObjects (5ms)
			BackupInstance (0ms)
			ReleaseScriptingObjects (0ms)
			CreateAndSetChildDomain (32ms)
		EndReloadAssembly (1168ms)
			LoadAssemblies (176ms)
			RebuildTransferFunctionScriptingTraits (0ms)
			SetupTypeCache (375ms)
			ReleaseScriptCaches (0ms)
			RebuildScriptCaches (66ms)
			SetupLoadedEditorAssemblies (424ms)
				LogAssemblyErrors (0ms)
				InitializePlatformSupportModulesInManaged (5ms)
				SetLoadedEditorAssemblies (0ms)
				RefreshPlugins (42ms)
				BeforeProcessingInitializeOnLoad (78ms)
				ProcessInitializeOnLoadAttributes (281ms)
				ProcessInitializeOnLoadMethodAttributes (17ms)
				AfterProcessingInitializeOnLoad (1ms)
				EditorAssembliesLoaded (0ms)
			ExecutionOrderSort2 (0ms)
			AwakeInstancesAfterBackupRestoration (7ms)
Platform modules already initialized, skipping
Validating Project structure ... 0.002764 seconds.
Shader import version has changed; will reimport all shaders...
Upgrading shader files ...0.004171 seconds.
Application.AssetDatabase Initial Script Refresh Start
RefreshInfo: InitialScriptRefreshV2(NoUpdateAssetOptions) scanfilter:  ... 1 filters
RefreshProfiler: Total: 0.000ms
Application.AssetDatabase Initial Script Refresh End
Application.AssetDatabase.Refresh Start
Application.AssetDatabase.Refresh End
RefreshInfo: StopAssetImportingV2(ForceSynchronousImport) scanfilter: 
RefreshProfiler: Total: 0.000ms
Launching external process: /Applications/Unity/Hub/Editor/2020.3.18f1/Unity.app/Contents/Tools/UnityShaderCompiler
Launched and connected shader compiler UnityShaderCompiler after 0.02 seconds
Initializing Unity extensions:
========================================================================
Worker process is ready to serve import requests
Refreshing native plugins compatible for Editor in 0.46 ms, found 3 plugins.
Preloading 0 native plugins for Editor in 0.00 ms.
Unloading 2090 Unused Serialized files (Serialized files now loaded: 0)
System memory in use before: 198.9 MB.
System memory in use after: 198.1 MB.

Unloading 99 unused Assets to reduce memory usage. Loaded Objects now: 2570.
Total: 5.857146 ms (FindLiveObjects: 0.200155 ms CreateObjectMapping: 0.067480 ms MarkObjects: 4.775469 ms  DeleteObjects: 0.812044 ms)

AssetImportParameters requested are different than current active one (requested -> active):
  custom:video-decoder-ogg-theora: a1e56fd34408186e4bbccfd4996cb3dc -> 
  custom:container-muxer-webm: aa71ff27fc2769a1b78a27578f13a17b -> 
  custom:container-demuxer-webm: 4f35f7cbe854078d1ac9338744f61a02 -> 
  custom:container-demuxer-ogg: 62fdf1f143b41e24485cea50d1cbac27 -> 
  custom:video-encoder-webm-vp8: eb34c28f22e8b96e1ab97ce403110664 -> 
  custom:framework-osx-AVFoundation: e770b220cccbd017edd2c1fefb359320 -> 
  custom:video-decoder-webm-vp8: 9c59270c3fd7afecdb556c50c9e8de78 -> 
  custom:audio-decoder-ogg-vorbis: bf7c407c2cedff20999df2af8eb42d56 -> 
  custom:audio-encoder-webm-vorbis: bf7c407c2cedff20999df2af8eb42d56 -> 
========================================================================
Received Import Request.
  path: Assets/Scenes
  artifactKey: Guid(75d0a34d94ba6694f84a2f07ae6ed4ba) Importer(815301076,1909f56bfc062723c751e8b465ee728b)
Start importing Assets/Scenes using Guid(75d0a34d94ba6694f84a2f07ae6ed4ba) Importer(815301076,1909f56bfc062723c751e8b465ee728b)  -> (artifact id: '265bd0790755ecf2d212c4ab4eb0c685') in 0.013272 seconds 
  Import took 0.021293 seconds .

========================================================================
Received Import Request.
  Time since last request: 179.854696 seconds.
  path: Assets/Art/Sprites/Ruby.png
  artifactKey: Guid(ec7dbfc03ce6b4941b3c2015a1d3a12f) Importer(815301076,1909f56bfc062723c751e8b465ee728b)
Start importing Assets/Art/Sprites/Ruby.png using Guid(ec7dbfc03ce6b4941b3c2015a1d3a12f) Importer(815301076,1909f56bfc062723c751e8b465ee728b)  -> (artifact id: 'dbd1323898d4b842e51c1e875fe0cc5e') in 1.452174 seconds 
  Import took 1.459890 seconds .

========================================================================
Received Import Request.
  Time since last request: 162.664887 seconds.
  path: Assets/Art/Sprites/Square.png
  artifactKey: Guid(f3e56d9b55b4d4f29b48eb5da71055a7) Importer(815301076,1909f56bfc062723c751e8b465ee728b)
Start importing Assets/Art/Sprites/Square.png using Guid(f3e56d9b55b4d4f29b48eb5da71055a7) Importer(815301076,1909f56bfc062723c751e8b465ee728b)  -> (artifact id: 'cf8ae6859c1511044c7a449fffea6c2e') in 0.111048 seconds 
  Import took 0.115853 seconds .

========================================================================
Received Import Request.
  Time since last request: 10.063664 seconds.
  path: Assets/Art/Sprites/Ruby.png
  artifactKey: Guid(ec7dbfc03ce6b4941b3c2015a1d3a12f) Importer(815301076,1909f56bfc062723c751e8b465ee728b)
Start importing Assets/Art/Sprites/Ruby.png using Guid(ec7dbfc03ce6b4941b3c2015a1d3a12f) Importer(815301076,1909f56bfc062723c751e8b465ee728b)  -> (artifact id: '9e1fcef59d0a9422a3bc291693037bf7') in 0.018334 seconds 
  Import took 0.023899 seconds .

========================================================================
Received Import Request.
  Time since last request: 0.004959 seconds.
  path: Assets/Art/Sprites/Ruby.png
  artifactKey: Guid(ec7dbfc03ce6b4941b3c2015a1d3a12f) Importer(815301076,1909f56bfc062723c751e8b465ee728b)
Start importing Assets/Art/Sprites/Ruby.png using Guid(ec7dbfc03ce6b4941b3c2015a1d3a12f) Importer(815301076,1909f56bfc062723c751e8b465ee728b)  -> (artifact id: '9e1fcef59d0a9422a3bc291693037bf7') in 0.105029 seconds 
  Import took 0.110416 seconds .

========================================================================
Received Import Request.
  Time since last request: 294.159105 seconds.
  path: Assets/Art/Sprites/Environmnent
  artifactKey: Guid(28623518bdb8e8143808c62674fcffc3) Importer(815301076,1909f56bfc062723c751e8b465ee728b)
Start importing Assets/Art/Sprites/Environmnent using Guid(28623518bdb8e8143808c62674fcffc3) Importer(815301076,1909f56bfc062723c751e8b465ee728b)  -> (artifact id: 'bd6d258a9ef6e588c3d6c49afbe154e2') in 0.004474 seconds 
  Import took 0.010017 seconds .

