Unity Editor version:    2020.3.18f1 (a7d1c678663c)
Branch:                  2020.3/staging
Build type:              Release
Batch mode:              YES
macOS version:           Version 11.4 (Build 20F71)
Darwin version:          20.5.0
Architecture:            x86_64
Running under Rosetta:   NO
Available memory:        16384 MB
Using pre-set license
Pro License: NO

COMMAND LINE ARGUMENTS:
/Applications/Unity/Hub/Editor/2020.3.18f1/Unity.app/Contents/MacOS/Unity
-adb2
-batchMode
-noUpm
-name
AssetImportWorker0
-projectPath
/Users/antony/Downloads/Fall2021/CS98/Hackathing2/hack-a-thing-21f-2-antony-g/Ruby's-Adventure
-logFile
Logs/AssetImportWorker0.log
-srvPort
51141
Successfully changed project path to: /Users/antony/Downloads/Fall2021/CS98/Hackathing2/hack-a-thing-21f-2-antony-g/Ruby's-Adventure
/Users/antony/Downloads/Fall2021/CS98/Hackathing2/hack-a-thing-21f-2-antony-g/Ruby's-Adventure
Using Asset Import Pipeline V2.
Refreshing native plugins compatible for Editor in 51.02 ms, found 3 plugins.
Preloading 0 native plugins for Editor in 0.00 ms.
Initialize engine version: 2020.3.18f1 (a7d1c678663c)
[Subsystems] Discovering subsystems at path /Applications/Unity/Hub/Editor/2020.3.18f1/Unity.app/Contents/Resources/UnitySubsystems
[Subsystems] Discovering subsystems at path /Users/antony/Downloads/Fall2021/CS98/Hackathing2/hack-a-thing-21f-2-antony-g/Ruby's-Adventure/Assets
GfxDevice: creating device client; threaded=0
2021-09-28 22:55:48.277 Unity[2739:2795808] Color LCD preferred device: Intel(R) Iris(TM) Plus Graphics (low power)
2021-09-28 22:55:48.277 Unity[2739:2795808] Metal devices available: 1
2021-09-28 22:55:48.277 Unity[2739:2795808] 0: Intel(R) Iris(TM) Plus Graphics (low power)
2021-09-28 22:55:48.277 Unity[2739:2795808] Using device Intel(R) Iris(TM) Plus Graphics (low power)
Initializing Metal device caps: Intel(R) Iris(TM) Plus Graphics
Initialize mono
Mono path[0] = '/Applications/Unity/Hub/Editor/2020.3.18f1/Unity.app/Contents/Managed'
Mono path[1] = '/Applications/Unity/Hub/Editor/2020.3.18f1/Unity.app/Contents/MonoBleedingEdge/lib/mono/unityjit'
Mono config path = '/Applications/Unity/Hub/Editor/2020.3.18f1/Unity.app/Contents/MonoBleedingEdge/etc'
Using monoOptions --debugger-agent=transport=dt_socket,embedding=1,server=y,suspend=n,address=127.0.0.1:56739
Begin MonoManager ReloadAssembly
Registering precompiled unity dll's ...
Register platform support module: /Applications/Unity/Hub/Editor/2020.3.18f1/Unity.app/Contents/PlaybackEngines/MacStandaloneSupport/UnityEditor.OSXStandalone.Extensions.dll
Registered in 0.001124 seconds.
Native extension for OSXStandalone target not found
Refreshing native plugins compatible for Editor in 45.90 ms, found 3 plugins.
Preloading 0 native plugins for Editor in 0.00 ms.
Mono: successfully reloaded assembly
- Completed reload, in  4.930 seconds
Domain Reload Profiling:
	ReloadAssembly (4930ms)
		BeginReloadAssembly (65ms)
			ExecutionOrderSort (0ms)
			DisableScriptedObjects (0ms)
			BackupInstance (0ms)
			ReleaseScriptingObjects (0ms)
			CreateAndSetChildDomain (1ms)
		EndReloadAssembly (531ms)
			LoadAssemblies (65ms)
			RebuildTransferFunctionScriptingTraits (0ms)
			SetupTypeCache (208ms)
			ReleaseScriptCaches (0ms)
			RebuildScriptCaches (43ms)
			SetupLoadedEditorAssemblies (219ms)
				LogAssemblyErrors (0ms)
				InitializePlatformSupportModulesInManaged (4ms)
				SetLoadedEditorAssemblies (0ms)
				RefreshPlugins (46ms)
				BeforeProcessingInitializeOnLoad (12ms)
				ProcessInitializeOnLoadAttributes (123ms)
				ProcessInitializeOnLoadMethodAttributes (34ms)
				AfterProcessingInitializeOnLoad (0ms)
				EditorAssembliesLoaded (0ms)
			ExecutionOrderSort2 (0ms)
			AwakeInstancesAfterBackupRestoration (0ms)
Platform modules already initialized, skipping
Registering precompiled user dll's ...
Registered in 0.003980 seconds.
Begin MonoManager ReloadAssembly
Native extension for OSXStandalone target not found
Refreshing native plugins compatible for Editor in 43.99 ms, found 3 plugins.
Preloading 0 native plugins for Editor in 0.00 ms.
Mono: successfully reloaded assembly
- Completed reload, in  1.419 seconds
Domain Reload Profiling:
	ReloadAssembly (1421ms)
		BeginReloadAssembly (197ms)
			ExecutionOrderSort (0ms)
			DisableScriptedObjects (6ms)
			BackupInstance (0ms)
			ReleaseScriptingObjects (0ms)
			CreateAndSetChildDomain (38ms)
		EndReloadAssembly (1150ms)
			LoadAssemblies (114ms)
			RebuildTransferFunctionScriptingTraits (0ms)
			SetupTypeCache (394ms)
			ReleaseScriptCaches (0ms)
			RebuildScriptCaches (66ms)
			SetupLoadedEditorAssemblies (439ms)
				LogAssemblyErrors (0ms)
				InitializePlatformSupportModulesInManaged (5ms)
				SetLoadedEditorAssemblies (0ms)
				RefreshPlugins (44ms)
				BeforeProcessingInitializeOnLoad (87ms)
				ProcessInitializeOnLoadAttributes (283ms)
				ProcessInitializeOnLoadMethodAttributes (18ms)
				AfterProcessingInitializeOnLoad (2ms)
				EditorAssembliesLoaded (0ms)
			ExecutionOrderSort2 (0ms)
			AwakeInstancesAfterBackupRestoration (9ms)
Platform modules already initialized, skipping
Validating Project structure ... 0.004731 seconds.
Shader import version has changed; will reimport all shaders...
Upgrading shader files ...0.005377 seconds.
Application.AssetDatabase Initial Script Refresh Start
RefreshInfo: InitialScriptRefreshV2(NoUpdateAssetOptions) scanfilter:  ... 1 filters
RefreshProfiler: Total: 0.000ms
Application.AssetDatabase Initial Script Refresh End
Application.AssetDatabase.Refresh Start
Application.AssetDatabase.Refresh End
RefreshInfo: StopAssetImportingV2(ForceSynchronousImport) scanfilter: 
RefreshProfiler: Total: 0.000ms
Launching external process: /Applications/Unity/Hub/Editor/2020.3.18f1/Unity.app/Contents/Tools/UnityShaderCompiler
Launched and connected shader compiler UnityShaderCompiler after 0.03 seconds
Initializing Unity extensions:
========================================================================
Worker process is ready to serve import requests
Refreshing native plugins compatible for Editor in 0.39 ms, found 3 plugins.
Preloading 0 native plugins for Editor in 0.00 ms.
Unloading 2091 Unused Serialized files (Serialized files now loaded: 0)
System memory in use before: 199.3 MB.
System memory in use after: 198.5 MB.

Unloading 100 unused Assets to reduce memory usage. Loaded Objects now: 2570.
Total: 3.921951 ms (FindLiveObjects: 0.227786 ms CreateObjectMapping: 0.080036 ms MarkObjects: 2.859287 ms  DeleteObjects: 0.753412 ms)

AssetImportParameters requested are different than current active one (requested -> active):
  custom:video-decoder-ogg-theora: a1e56fd34408186e4bbccfd4996cb3dc -> 
  custom:container-muxer-webm: aa71ff27fc2769a1b78a27578f13a17b -> 
  custom:container-demuxer-webm: 4f35f7cbe854078d1ac9338744f61a02 -> 
  custom:container-demuxer-ogg: 62fdf1f143b41e24485cea50d1cbac27 -> 
  custom:video-encoder-webm-vp8: eb34c28f22e8b96e1ab97ce403110664 -> 
  custom:framework-osx-AVFoundation: e770b220cccbd017edd2c1fefb359320 -> 
  custom:video-decoder-webm-vp8: 9c59270c3fd7afecdb556c50c9e8de78 -> 
  custom:audio-decoder-ogg-vorbis: bf7c407c2cedff20999df2af8eb42d56 -> 
  custom:audio-encoder-webm-vorbis: bf7c407c2cedff20999df2af8eb42d56 -> 
========================================================================
Received Import Request.
  path: Assets/Art/Tiles/RubyTile.asset
  artifactKey: Guid(9dc89ddb3ca31428084cdd8aa8dfc134) Importer(815301076,1909f56bfc062723c751e8b465ee728b)
Start importing Assets/Art/Tiles/RubyTile.asset using Guid(9dc89ddb3ca31428084cdd8aa8dfc134) Importer(815301076,1909f56bfc062723c751e8b465ee728b)  -> (artifact id: 'c48d55c57af2154a6e8a9581f2c2c3b8') in 1.216906 seconds 
  Import took 1.222110 seconds .

========================================================================
Received Import Request.
  Time since last request: 0.003529 seconds.
  path: Assets/Art/Tiles/FirstTile.prefab
  artifactKey: Guid(e98856e4dba244a789460e6f8b2a66e2) Importer(815301076,1909f56bfc062723c751e8b465ee728b)
Start importing Assets/Art/Tiles/FirstTile.prefab using Guid(e98856e4dba244a789460e6f8b2a66e2) Importer(815301076,1909f56bfc062723c751e8b465ee728b)  -> (artifact id: '5858e08bca873b81274ecfc4fabbe085') in 0.453428 seconds 
  Import took 0.458081 seconds .

========================================================================
Received Import Request.
  Time since last request: 90.205783 seconds.
  path: Assets/Art/Tiles/GamePalette.prefab
  artifactKey: Guid(ee873e7517d52462f9f49659e2579486) Importer(815301076,1909f56bfc062723c751e8b465ee728b)
Start importing Assets/Art/Tiles/GamePalette.prefab using Guid(ee873e7517d52462f9f49659e2579486) Importer(815301076,1909f56bfc062723c751e8b465ee728b)  -> (artifact id: 'b9d7cc41c600c46d0387ec55214f21eb') in 0.022681 seconds 
  Import took 0.028704 seconds .

========================================================================
Received Import Request.
  Time since last request: 6.922936 seconds.
  path: Assets/Art/Tiles/GamePalette.prefab
  artifactKey: Guid(ee873e7517d52462f9f49659e2579486) Importer(815301076,1909f56bfc062723c751e8b465ee728b)
Start importing Assets/Art/Tiles/GamePalette.prefab using Guid(ee873e7517d52462f9f49659e2579486) Importer(815301076,1909f56bfc062723c751e8b465ee728b)  -> (artifact id: '9ce9c8345f9a2867af777621e3df0972') in 0.018251 seconds 
  Import took 0.023063 seconds .

========================================================================
Received Import Request.
  Time since last request: 72.053567 seconds.
  path: Assets/Art/Tiles/Tile.png
  artifactKey: Guid(832a6406f80424412b1b873e0099b7b7) Importer(815301076,1909f56bfc062723c751e8b465ee728b)
Start importing Assets/Art/Tiles/Tile.png using Guid(832a6406f80424412b1b873e0099b7b7) Importer(815301076,1909f56bfc062723c751e8b465ee728b)  -> (artifact id: 'e75abbded44288cafc7cf3224e4c848f') in 1.060525 seconds 
  Import took 1.064830 seconds .

========================================================================
Received Import Request.
  Time since last request: 62.776637 seconds.
  path: Assets/Art/Tiles/GamePalette.prefab
  artifactKey: Guid(ee873e7517d52462f9f49659e2579486) Importer(815301076,1909f56bfc062723c751e8b465ee728b)
Start importing Assets/Art/Tiles/GamePalette.prefab using Guid(ee873e7517d52462f9f49659e2579486) Importer(815301076,1909f56bfc062723c751e8b465ee728b)  -> (artifact id: 'dbe673ab4026be3ad934021d01369e0b') in 0.021976 seconds 
  Import took 0.027652 seconds .

========================================================================
Received Import Request.
  Time since last request: 175.903125 seconds.
  path: Assets/Art/Tiles/GamePalette.prefab
  artifactKey: Guid(ee873e7517d52462f9f49659e2579486) Importer(815301076,1909f56bfc062723c751e8b465ee728b)
Start importing Assets/Art/Tiles/GamePalette.prefab using Guid(ee873e7517d52462f9f49659e2579486) Importer(815301076,1909f56bfc062723c751e8b465ee728b)  -> (artifact id: '75be606ce01642c9a8ed5dd85c086498') in 0.019216 seconds 
  Import took 0.025493 seconds .

========================================================================
Received Import Request.
  Time since last request: 146.767843 seconds.
  path: Assets/Art/Sprites/Environmnent/FloorBricksToGrassCorner.png
  artifactKey: Guid(2ff4c9799e22f1b4c95766cc11f47530) Importer(815301076,1909f56bfc062723c751e8b465ee728b)
Start importing Assets/Art/Sprites/Environmnent/FloorBricksToGrassCorner.png using Guid(2ff4c9799e22f1b4c95766cc11f47530) Importer(815301076,1909f56bfc062723c751e8b465ee728b)  -> (artifact id: 'd332c5891fd8d337b357ae7a11965b44') in 0.016491 seconds 
  Import took 0.021896 seconds .

========================================================================
Received Import Request.
  Time since last request: 89.479505 seconds.
  path: Assets/Art/Sprites/Environmnent/9-Sliced.png
  artifactKey: Guid(197516c2d7a0744ab9c5408cf825b23e) Importer(815301076,1909f56bfc062723c751e8b465ee728b)
Start importing Assets/Art/Sprites/Environmnent/9-Sliced.png using Guid(197516c2d7a0744ab9c5408cf825b23e) Importer(815301076,1909f56bfc062723c751e8b465ee728b)  -> (artifact id: '2c4ea8e11c56033a2e44fcf12a9d9034') in 0.023007 seconds 
  Import took 0.030190 seconds .

========================================================================
Received Import Request.
  Time since last request: 9.595501 seconds.
  path: Assets/Art/Sprites/Environmnent/FloorBricksToGrassCorner.png
  artifactKey: Guid(2ff4c9799e22f1b4c95766cc11f47530) Importer(815301076,1909f56bfc062723c751e8b465ee728b)
Start importing Assets/Art/Sprites/Environmnent/FloorBricksToGrassCorner.png using Guid(2ff4c9799e22f1b4c95766cc11f47530) Importer(815301076,1909f56bfc062723c751e8b465ee728b)  -> (artifact id: 'b48479d89a6e25d82169076c854473f3') in 0.019415 seconds 
  Import took 0.025876 seconds .

========================================================================
Received Import Request.
  Time since last request: 9.381832 seconds.
  path: Assets/Art/Sprites/Environmnent/FloorBricksToGrassCorner.png
  artifactKey: Guid(2ff4c9799e22f1b4c95766cc11f47530) Importer(815301076,1909f56bfc062723c751e8b465ee728b)
Start importing Assets/Art/Sprites/Environmnent/FloorBricksToGrassCorner.png using Guid(2ff4c9799e22f1b4c95766cc11f47530) Importer(815301076,1909f56bfc062723c751e8b465ee728b)  -> (artifact id: '287b648150c2503e09ffa04344a153d0') in 0.013169 seconds 
  Import took 0.018467 seconds .

========================================================================
Received Import Request.
  Time since last request: 72.319880 seconds.
  path: Assets/Art/Sprites/Environmnent/FloorBricksToGrassCorner.png
  artifactKey: Guid(2ff4c9799e22f1b4c95766cc11f47530) Importer(815301076,1909f56bfc062723c751e8b465ee728b)
Start importing Assets/Art/Sprites/Environmnent/FloorBricksToGrassCorner.png using Guid(2ff4c9799e22f1b4c95766cc11f47530) Importer(815301076,1909f56bfc062723c751e8b465ee728b)  -> (artifact id: '0a619b10b866f21236b4707f893a19ac') in 0.054249 seconds 
  Import took 0.059332 seconds .

========================================================================
Received Import Request.
  Time since last request: 283.941414 seconds.
  path: Assets/Art/Sprites/Environmnent/FloorBricksToGrassSquare.png
  artifactKey: Guid(2e6ecdf01ba70e3489b17b3f6525fec2) Importer(815301076,1909f56bfc062723c751e8b465ee728b)
Start importing Assets/Art/Sprites/Environmnent/FloorBricksToGrassSquare.png using Guid(2e6ecdf01ba70e3489b17b3f6525fec2) Importer(815301076,1909f56bfc062723c751e8b465ee728b)  -> (artifact id: '74fc6760f9c659911b2e7372d0a9461c') in 0.015472 seconds 
  Import took 0.020633 seconds .

========================================================================
Received Import Request.
  Time since last request: 68.372918 seconds.
  path: Assets/Art/Sprites/Environmnent/FloorBricksToGrassSquare.png
  artifactKey: Guid(2e6ecdf01ba70e3489b17b3f6525fec2) Importer(815301076,1909f56bfc062723c751e8b465ee728b)
Start importing Assets/Art/Sprites/Environmnent/FloorBricksToGrassSquare.png using Guid(2e6ecdf01ba70e3489b17b3f6525fec2) Importer(815301076,1909f56bfc062723c751e8b465ee728b)  -> (artifact id: '91d447778f1e405c408c70cb92f293a1') in 0.057089 seconds 
  Import took 0.062349 seconds .

========================================================================
Received Import Request.
  Time since last request: 9.866279 seconds.
  path: Assets/Art/Sprites/Environmnent/FloorBricksToGrassSquare.png
  artifactKey: Guid(2e6ecdf01ba70e3489b17b3f6525fec2) Importer(815301076,1909f56bfc062723c751e8b465ee728b)
Start importing Assets/Art/Sprites/Environmnent/FloorBricksToGrassSquare.png using Guid(2e6ecdf01ba70e3489b17b3f6525fec2) Importer(815301076,1909f56bfc062723c751e8b465ee728b)  -> (artifact id: 'e4129783150135cddbe12c942e909a58') in 0.053150 seconds 
  Import took 0.058090 seconds .

========================================================================
Received Import Request.
  Time since last request: 52.066885 seconds.
  path: Assets/Art/Sprites/Environmnent/FloorGrassToBricksCorner.png
  artifactKey: Guid(df0b6f9e93b65bc4792e6cf7849c5e37) Importer(815301076,1909f56bfc062723c751e8b465ee728b)
Start importing Assets/Art/Sprites/Environmnent/FloorGrassToBricksCorner.png using Guid(df0b6f9e93b65bc4792e6cf7849c5e37) Importer(815301076,1909f56bfc062723c751e8b465ee728b)  -> (artifact id: '64416a830ab69c86d3c8e07c69b2f9fa') in 0.015344 seconds 
  Import took 0.022259 seconds .

========================================================================
Received Import Request.
  Time since last request: 14.429784 seconds.
  path: Assets/Art/Sprites/Environmnent/FloorBricksToGrassSquare.png
  artifactKey: Guid(2e6ecdf01ba70e3489b17b3f6525fec2) Importer(815301076,1909f56bfc062723c751e8b465ee728b)
Start importing Assets/Art/Sprites/Environmnent/FloorBricksToGrassSquare.png using Guid(2e6ecdf01ba70e3489b17b3f6525fec2) Importer(815301076,1909f56bfc062723c751e8b465ee728b)  -> (artifact id: '68c8ac0ad9ba3274803ccba855dc6ac8') in 0.051039 seconds 
  Import took 0.056395 seconds .

========================================================================
Received Import Request.
  Time since last request: 26.041947 seconds.
  path: Assets/Art/Sprites/Environmnent/FloorGrassToBricksCorner.png
  artifactKey: Guid(df0b6f9e93b65bc4792e6cf7849c5e37) Importer(815301076,1909f56bfc062723c751e8b465ee728b)
Start importing Assets/Art/Sprites/Environmnent/FloorGrassToBricksCorner.png using Guid(df0b6f9e93b65bc4792e6cf7849c5e37) Importer(815301076,1909f56bfc062723c751e8b465ee728b)  -> (artifact id: '57ece6c6b24a92057cc7e0af2f815a13') in 0.053907 seconds 
  Import took 0.058280 seconds .

========================================================================
Received Import Request.
  Time since last request: 15.584700 seconds.
  path: Assets/Art/Sprites/Environmnent/FloorGrassToBricksSquare.png
  artifactKey: Guid(ae39c96545143eb41b1618200a550c81) Importer(815301076,1909f56bfc062723c751e8b465ee728b)
Start importing Assets/Art/Sprites/Environmnent/FloorGrassToBricksSquare.png using Guid(ae39c96545143eb41b1618200a550c81) Importer(815301076,1909f56bfc062723c751e8b465ee728b)  -> (artifact id: '12e4bc05d5bab137daf4a66746da9555') in 0.014345 seconds 
  Import took 0.019089 seconds .

========================================================================
Received Import Request.
  Time since last request: 13.305597 seconds.
  path: Assets/Art/Sprites/Environmnent/FloorGrassToBricksSquare.png
  artifactKey: Guid(ae39c96545143eb41b1618200a550c81) Importer(815301076,1909f56bfc062723c751e8b465ee728b)
Start importing Assets/Art/Sprites/Environmnent/FloorGrassToBricksSquare.png using Guid(ae39c96545143eb41b1618200a550c81) Importer(815301076,1909f56bfc062723c751e8b465ee728b)  -> (artifact id: '8c8b2a282e484e6329ca2b28e740b15c') in 0.052098 seconds 
  Import took 0.057219 seconds .

========================================================================
Received Import Request.
  Time since last request: 8.609443 seconds.
  path: Assets/Art/Sprites/Environmnent/FloorWaterRoundCorners.png
  artifactKey: Guid(957383e82ad8601499ca4cac1dd1214a) Importer(815301076,1909f56bfc062723c751e8b465ee728b)
Start importing Assets/Art/Sprites/Environmnent/FloorWaterRoundCorners.png using Guid(957383e82ad8601499ca4cac1dd1214a) Importer(815301076,1909f56bfc062723c751e8b465ee728b)  -> (artifact id: '9fd7806e2cf07ba607612bb0055b6cb2') in 0.013842 seconds 
  Import took 0.018507 seconds .

========================================================================
Received Import Request.
  Time since last request: 5.254653 seconds.
  path: Assets/Art/Sprites/Environmnent/FloorWaterRoundCorners.png
  artifactKey: Guid(957383e82ad8601499ca4cac1dd1214a) Importer(815301076,1909f56bfc062723c751e8b465ee728b)
Start importing Assets/Art/Sprites/Environmnent/FloorWaterRoundCorners.png using Guid(957383e82ad8601499ca4cac1dd1214a) Importer(815301076,1909f56bfc062723c751e8b465ee728b)  -> (artifact id: 'c58ff071f894f85f8b0bcf059c3ebbd1') in 0.059011 seconds 
  Import took 0.063842 seconds .

========================================================================
Received Import Request.
  Time since last request: 72.259173 seconds.
  path: Assets/Art/Sprites/Environmnent/FloorWaterSquareCorners.png
  artifactKey: Guid(56dfe645f43c419458abb426118088e5) Importer(815301076,1909f56bfc062723c751e8b465ee728b)
Start importing Assets/Art/Sprites/Environmnent/FloorWaterSquareCorners.png using Guid(56dfe645f43c419458abb426118088e5) Importer(815301076,1909f56bfc062723c751e8b465ee728b)  -> (artifact id: '5f8034fea493a62cbcd49a485d370b52') in 0.014395 seconds 
  Import took 0.018610 seconds .

========================================================================
Received Import Request.
  Time since last request: 5.623405 seconds.
  path: Assets/Art/Sprites/Environmnent/FloorWaterSquareCorners.png
  artifactKey: Guid(56dfe645f43c419458abb426118088e5) Importer(815301076,1909f56bfc062723c751e8b465ee728b)
Start importing Assets/Art/Sprites/Environmnent/FloorWaterSquareCorners.png using Guid(56dfe645f43c419458abb426118088e5) Importer(815301076,1909f56bfc062723c751e8b465ee728b)  -> (artifact id: '86007f2f23ce014c6ef7f2156efc3e8f') in 0.055640 seconds 
  Import took 0.060872 seconds .

========================================================================
Received Import Request.
  Time since last request: 114.686974 seconds.
  path: Assets/Art/Sprites/Characters/JambiSheet.png
  artifactKey: Guid(255841382d607e24a8317d9ab167f414) Importer(815301076,1909f56bfc062723c751e8b465ee728b)
Start importing Assets/Art/Sprites/Characters/JambiSheet.png using Guid(255841382d607e24a8317d9ab167f414) Importer(815301076,1909f56bfc062723c751e8b465ee728b)  -> (artifact id: 'f7cd0f81c2b10ad7aaac8e4bc2181014') in 0.031632 seconds 
  Import took 0.036232 seconds .

========================================================================
Received Import Request.
  Time since last request: 0.000425 seconds.
  path: Assets/Art/Sprites/Characters/RubySheet.png
  artifactKey: Guid(c1dbff5bcb29cdd4bbb8de3a29f2328c) Importer(815301076,1909f56bfc062723c751e8b465ee728b)
Start importing Assets/Art/Sprites/Characters/RubySheet.png using Guid(c1dbff5bcb29cdd4bbb8de3a29f2328c) Importer(815301076,1909f56bfc062723c751e8b465ee728b)  -> (artifact id: '551fd38a060bc8fd8024bee56b9e3b1e') in 0.134517 seconds 
  Import took 0.138590 seconds .

========================================================================
Received Import Request.
  Time since last request: 0.000280 seconds.
  path: Assets/Art/Sprites/Characters/MrClockworkSheet.png
  artifactKey: Guid(651c4abeb0812e74685da0e5a31c8dff) Importer(815301076,1909f56bfc062723c751e8b465ee728b)
Start importing Assets/Art/Sprites/Characters/MrClockworkSheet.png using Guid(651c4abeb0812e74685da0e5a31c8dff) Importer(815301076,1909f56bfc062723c751e8b465ee728b)  -> (artifact id: '78edbdb5c1578b53e4027b84f87e1339') in 0.114443 seconds 
  Import took 0.118280 seconds .

========================================================================
Received Prepare
Registering precompiled user dll's ...
Registered in 0.004656 seconds.
Begin MonoManager ReloadAssembly
Native extension for OSXStandalone target not found
Refreshing native plugins compatible for Editor in 0.62 ms, found 3 plugins.
Preloading 0 native plugins for Editor in 0.00 ms.
Mono: successfully reloaded assembly
- Completed reload, in  1.625 seconds
Domain Reload Profiling:
	ReloadAssembly (1626ms)
		BeginReloadAssembly (217ms)
			ExecutionOrderSort (0ms)
			DisableScriptedObjects (9ms)
			BackupInstance (0ms)
			ReleaseScriptingObjects (0ms)
			CreateAndSetChildDomain (119ms)
		EndReloadAssembly (1324ms)
			LoadAssemblies (169ms)
			RebuildTransferFunctionScriptingTraits (0ms)
			SetupTypeCache (432ms)
			ReleaseScriptCaches (1ms)
			RebuildScriptCaches (63ms)
			SetupLoadedEditorAssemblies (502ms)
				LogAssemblyErrors (0ms)
				InitializePlatformSupportModulesInManaged (9ms)
				SetLoadedEditorAssemblies (1ms)
				RefreshPlugins (1ms)
				BeforeProcessingInitializeOnLoad (161ms)
				ProcessInitializeOnLoadAttributes (322ms)
				ProcessInitializeOnLoadMethodAttributes (7ms)
				AfterProcessingInitializeOnLoad (2ms)
				EditorAssembliesLoaded (0ms)
			ExecutionOrderSort2 (0ms)
			AwakeInstancesAfterBackupRestoration (16ms)
Platform modules already initialized, skipping
Refreshing native plugins compatible for Editor in 0.40 ms, found 3 plugins.
Preloading 0 native plugins for Editor in 0.00 ms.
Unloading 2080 Unused Serialized files (Serialized files now loaded: 0)
System memory in use before: 210.2 MB.
System memory in use after: 210.3 MB.

Unloading 15 unused Assets to reduce memory usage. Loaded Objects now: 2590.
Total: 2.925267 ms (FindLiveObjects: 0.209314 ms CreateObjectMapping: 0.062481 ms MarkObjects: 2.617199 ms  DeleteObjects: 0.035176 ms)

AssetImportParameters requested are different than current active one (requested -> active):
  custom:video-decoder-ogg-theora: a1e56fd34408186e4bbccfd4996cb3dc -> 
  custom:container-muxer-webm: aa71ff27fc2769a1b78a27578f13a17b -> 
  custom:container-demuxer-webm: 4f35f7cbe854078d1ac9338744f61a02 -> 
  custom:container-demuxer-ogg: 62fdf1f143b41e24485cea50d1cbac27 -> 
  custom:video-encoder-webm-vp8: eb34c28f22e8b96e1ab97ce403110664 -> 
  custom:framework-osx-AVFoundation: e770b220cccbd017edd2c1fefb359320 -> 
  custom:video-decoder-webm-vp8: 9c59270c3fd7afecdb556c50c9e8de78 -> 
  custom:audio-decoder-ogg-vorbis: bf7c407c2cedff20999df2af8eb42d56 -> 
  custom:audio-encoder-webm-vorbis: bf7c407c2cedff20999df2af8eb42d56 -> 
========================================================================
Received Import Request.
  Time since last request: 51.765595 seconds.
  path: Assets/Art/Tiles/FloorBricksToGrassCorner_3.asset
  artifactKey: Guid(a096781fe6bcb43c3980eb528e040d7b) Importer(815301076,1909f56bfc062723c751e8b465ee728b)
Start importing Assets/Art/Tiles/FloorBricksToGrassCorner_3.asset using Guid(a096781fe6bcb43c3980eb528e040d7b) Importer(815301076,1909f56bfc062723c751e8b465ee728b)  -> (artifact id: 'fb82e4987a69292aa0989583a6f24fa5') in 0.054935 seconds 
  Import took 0.058779 seconds .

========================================================================
Received Import Request.
  Time since last request: 0.000286 seconds.
  path: Assets/Art/Tiles/FloorBricksToGrassSquare_2.asset
  artifactKey: Guid(66ec174020d614aea8981905c8276f23) Importer(815301076,1909f56bfc062723c751e8b465ee728b)
Start importing Assets/Art/Tiles/FloorBricksToGrassSquare_2.asset using Guid(66ec174020d614aea8981905c8276f23) Importer(815301076,1909f56bfc062723c751e8b465ee728b)  -> (artifact id: '8b89da6c2e0516eecf01ed4078e54f93') in 0.009340 seconds 
  Import took 0.012559 seconds .

========================================================================
Received Import Request.
  Time since last request: 0.000274 seconds.
  path: Assets/Art/Tiles/FloorBricksToGrassCorner_6.asset
  artifactKey: Guid(fec972383d16b4935b19b621028bfe08) Importer(815301076,1909f56bfc062723c751e8b465ee728b)
Start importing Assets/Art/Tiles/FloorBricksToGrassCorner_6.asset using Guid(fec972383d16b4935b19b621028bfe08) Importer(815301076,1909f56bfc062723c751e8b465ee728b)  -> (artifact id: '8cadc669754d8edc473088651bcf04f6') in 0.008172 seconds 
  Import took 0.012301 seconds .

========================================================================
Received Import Request.
  Time since last request: 0.000266 seconds.
  path: Assets/Art/Tiles/FloorBricksToGrassCorner_2.asset
  artifactKey: Guid(be9ab00ae647442edb201b67d9708050) Importer(815301076,1909f56bfc062723c751e8b465ee728b)
Start importing Assets/Art/Tiles/FloorBricksToGrassCorner_2.asset using Guid(be9ab00ae647442edb201b67d9708050) Importer(815301076,1909f56bfc062723c751e8b465ee728b)  -> (artifact id: 'c4ed0d8c1e82dd3cfb06580e4de60ea0') in 0.008333 seconds 
  Import took 0.011467 seconds .

========================================================================
Received Import Request.
  Time since last request: 0.000551 seconds.
  path: Assets/Art/Tiles/FloorBricksToGrassCorner_8.asset
  artifactKey: Guid(7a6ddac04629943ad959484b08b7e502) Importer(815301076,1909f56bfc062723c751e8b465ee728b)
Start importing Assets/Art/Tiles/FloorBricksToGrassCorner_8.asset using Guid(7a6ddac04629943ad959484b08b7e502) Importer(815301076,1909f56bfc062723c751e8b465ee728b)  -> (artifact id: 'eed1729a39a20dbf1f5e5a8bddbbec44') in 0.008689 seconds 
  Import took 0.012510 seconds .

========================================================================
Received Import Request.
  Time since last request: 0.000395 seconds.
  path: Assets/Art/Tiles/FloorBricksToGrassCorner_5.asset
  artifactKey: Guid(3be75e1ba8ffe4823aa5a2286ebe4c8e) Importer(815301076,1909f56bfc062723c751e8b465ee728b)
Start importing Assets/Art/Tiles/FloorBricksToGrassCorner_5.asset using Guid(3be75e1ba8ffe4823aa5a2286ebe4c8e) Importer(815301076,1909f56bfc062723c751e8b465ee728b)  -> (artifact id: 'aa9a45cdc3b9156e0e874cf47d1901bb') in 0.008681 seconds 
  Import took 0.013136 seconds .

========================================================================
Received Import Request.
  Time since last request: 0.000317 seconds.
  path: Assets/Art/Tiles/FloorBricksToGrassSquare_1.asset
  artifactKey: Guid(dc46a70a267624cdb8de6efe41580b95) Importer(815301076,1909f56bfc062723c751e8b465ee728b)
Start importing Assets/Art/Tiles/FloorBricksToGrassSquare_1.asset using Guid(dc46a70a267624cdb8de6efe41580b95) Importer(815301076,1909f56bfc062723c751e8b465ee728b)  -> (artifact id: '314ccb4f1d5f45c747f3256ac314c26c') in 0.008566 seconds 
  Import took 0.012307 seconds .

========================================================================
Received Import Request.
  Time since last request: 0.000328 seconds.
  path: Assets/Art/Tiles/FloorBricksToGrassCorner_1.asset
  artifactKey: Guid(a9d6768085fca43ab9121f8f7afdfa75) Importer(815301076,1909f56bfc062723c751e8b465ee728b)
Start importing Assets/Art/Tiles/FloorBricksToGrassCorner_1.asset using Guid(a9d6768085fca43ab9121f8f7afdfa75) Importer(815301076,1909f56bfc062723c751e8b465ee728b)  -> (artifact id: '23376d1d583762b60f4d2fd66a62b3cd') in 0.009074 seconds 
  Import took 0.013205 seconds .

========================================================================
Received Import Request.
  Time since last request: 0.000373 seconds.
  path: Assets/Art/Tiles/FloorBricksToGrassCorner_7.asset
  artifactKey: Guid(cef34eaa709ef4868847523080ce4bf6) Importer(815301076,1909f56bfc062723c751e8b465ee728b)
Start importing Assets/Art/Tiles/FloorBricksToGrassCorner_7.asset using Guid(cef34eaa709ef4868847523080ce4bf6) Importer(815301076,1909f56bfc062723c751e8b465ee728b)  -> (artifact id: '6dc8d3efcc575bb361aacf6c88aec9d7') in 0.008193 seconds 
  Import took 0.013163 seconds .

========================================================================
Received Import Request.
  Time since last request: 0.000452 seconds.
  path: Assets/Art/Tiles/FloorBricksToGrassSquare_0.asset
  artifactKey: Guid(1d7a0c6b7fa85409c8fa39b8f6692cbf) Importer(815301076,1909f56bfc062723c751e8b465ee728b)
Start importing Assets/Art/Tiles/FloorBricksToGrassSquare_0.asset using Guid(1d7a0c6b7fa85409c8fa39b8f6692cbf) Importer(815301076,1909f56bfc062723c751e8b465ee728b)  -> (artifact id: '6bdd27da07473b0fbcb37a7bb9a5966d') in 0.013489 seconds 
  Import took 0.018873 seconds .

========================================================================
Received Import Request.
  Time since last request: 0.000279 seconds.
  path: Assets/Art/Tiles/FloorBricksToGrassCorner_0.asset
  artifactKey: Guid(4047ee179a823401aa6f7a7cc3b453c4) Importer(815301076,1909f56bfc062723c751e8b465ee728b)
Start importing Assets/Art/Tiles/FloorBricksToGrassCorner_0.asset using Guid(4047ee179a823401aa6f7a7cc3b453c4) Importer(815301076,1909f56bfc062723c751e8b465ee728b)  -> (artifact id: '0f46ee78684c16dbe0c74e13dea542d8') in 0.009392 seconds 
  Import took 0.012625 seconds .

========================================================================
Received Import Request.
  Time since last request: 0.000481 seconds.
  path: Assets/Art/Tiles/FloorBricksToGrassCorner_4.asset
  artifactKey: Guid(bdaffabc0815644e5ae0ce16e17fddc4) Importer(815301076,1909f56bfc062723c751e8b465ee728b)
Start importing Assets/Art/Tiles/FloorBricksToGrassCorner_4.asset using Guid(bdaffabc0815644e5ae0ce16e17fddc4) Importer(815301076,1909f56bfc062723c751e8b465ee728b)  -> (artifact id: '007bf66f125b36c0d3236e55f5af621c') in 0.008245 seconds 
  Import took 0.012048 seconds .

========================================================================
Received Import Request.
  Time since last request: 60.956902 seconds.
  path: Assets/Art/Sprites/UI/CharacterPortrait.png
  artifactKey: Guid(e15de6f8d935253448ee4e7709bd216c) Importer(815301076,1909f56bfc062723c751e8b465ee728b)
Start importing Assets/Art/Sprites/UI/CharacterPortrait.png using Guid(e15de6f8d935253448ee4e7709bd216c) Importer(815301076,1909f56bfc062723c751e8b465ee728b)  -> (artifact id: '8a1c13c3d03892439febbc27830c7bf0') in 0.040104 seconds 
  Import took 0.045799 seconds .

========================================================================
Received Import Request.
  Time since last request: 0.000508 seconds.
  path: Assets/Art/Sprites/UI/NPCPortrait.png
  artifactKey: Guid(aa3e0837878604144b973aa396ea7dbd) Importer(815301076,1909f56bfc062723c751e8b465ee728b)
Start importing Assets/Art/Sprites/UI/NPCPortrait.png using Guid(aa3e0837878604144b973aa396ea7dbd) Importer(815301076,1909f56bfc062723c751e8b465ee728b)  -> (artifact id: '860c36ef82da0980a3c23c5d326564d5') in 0.018735 seconds 
  Import took 0.024028 seconds .

========================================================================
Received Import Request.
  Time since last request: 0.000595 seconds.
  path: Assets/Art/Sprites/UI/UIDialogueBox.png
  artifactKey: Guid(ce5afa1fa1b1e684098419a8455659b0) Importer(815301076,1909f56bfc062723c751e8b465ee728b)
Start importing Assets/Art/Sprites/UI/UIDialogueBox.png using Guid(ce5afa1fa1b1e684098419a8455659b0) Importer(815301076,1909f56bfc062723c751e8b465ee728b)  -> (artifact id: 'd73d7eae97d4c166f11ee5a54215c9ce') in 0.018350 seconds 
  Import took 0.023315 seconds .

========================================================================
Received Import Request.
  Time since last request: 0.000252 seconds.
  path: Assets/Art/Sprites/UI/UIBulletIcon.png
  artifactKey: Guid(ca4761f4dd286db43a54d88ad0eb63ba) Importer(815301076,1909f56bfc062723c751e8b465ee728b)
Start importing Assets/Art/Sprites/UI/UIBulletIcon.png using Guid(ca4761f4dd286db43a54d88ad0eb63ba) Importer(815301076,1909f56bfc062723c751e8b465ee728b)  -> (artifact id: 'a351cf7712403f6f67788947b193aac9') in 0.018803 seconds 
  Import took 0.024188 seconds .

========================================================================
Received Import Request.
  Time since last request: 0.000322 seconds.
  path: Assets/Art/Sprites/UI/UIHealthFrame.png
  artifactKey: Guid(94d1f28a5aa0ed94b8d3bd15086f4b63) Importer(815301076,1909f56bfc062723c751e8b465ee728b)
Start importing Assets/Art/Sprites/UI/UIHealthFrame.png using Guid(94d1f28a5aa0ed94b8d3bd15086f4b63) Importer(815301076,1909f56bfc062723c751e8b465ee728b)  -> (artifact id: '85e7d0604fe913f07b91d929604f73cb') in 0.021957 seconds 
  Import took 0.026133 seconds .

========================================================================
Received Import Request.
  Time since last request: 0.000275 seconds.
  path: Assets/Art/Sprites/UI/UIHealthBar.png
  artifactKey: Guid(06131b9172a2c144fbb98dd9cb53e741) Importer(815301076,1909f56bfc062723c751e8b465ee728b)
Start importing Assets/Art/Sprites/UI/UIHealthBar.png using Guid(06131b9172a2c144fbb98dd9cb53e741) Importer(815301076,1909f56bfc062723c751e8b465ee728b)  -> (artifact id: '0d30e7eae350d8c9efdaec9db93987c1') in 0.014528 seconds 
  Import took 0.018179 seconds .

========================================================================
Received Import Request.
  Time since last request: 13.232175 seconds.
  path: Assets/Art/Sprites/Ruby.png
  artifactKey: Guid(0c1236b3694cd49ba85c84d6e33d3b21) Importer(815301076,1909f56bfc062723c751e8b465ee728b)
Start importing Assets/Art/Sprites/Ruby.png using Guid(0c1236b3694cd49ba85c84d6e33d3b21) Importer(815301076,1909f56bfc062723c751e8b465ee728b)  -> (artifact id: '03cd88dbf0e995f5efcefa2bebbabc69') in 0.023861 seconds 
  Import took 0.032011 seconds .

========================================================================
Received Prepare
Registering precompiled user dll's ...
Registered in 0.009968 seconds.
Begin MonoManager ReloadAssembly
Native extension for OSXStandalone target not found
Refreshing native plugins compatible for Editor in 0.40 ms, found 3 plugins.
Preloading 0 native plugins for Editor in 0.00 ms.
Mono: successfully reloaded assembly
- Completed reload, in  1.648 seconds
Domain Reload Profiling:
	ReloadAssembly (1652ms)
		BeginReloadAssembly (280ms)
			ExecutionOrderSort (0ms)
			DisableScriptedObjects (14ms)
			BackupInstance (0ms)
			ReleaseScriptingObjects (0ms)
			CreateAndSetChildDomain (162ms)
		EndReloadAssembly (1292ms)
			LoadAssemblies (309ms)
			RebuildTransferFunctionScriptingTraits (0ms)
			SetupTypeCache (393ms)
			ReleaseScriptCaches (1ms)
			RebuildScriptCaches (57ms)
			SetupLoadedEditorAssemblies (403ms)
				LogAssemblyErrors (0ms)
				InitializePlatformSupportModulesInManaged (7ms)
				SetLoadedEditorAssemblies (1ms)
				RefreshPlugins (0ms)
				BeforeProcessingInitializeOnLoad (123ms)
				ProcessInitializeOnLoadAttributes (263ms)
				ProcessInitializeOnLoadMethodAttributes (7ms)
				AfterProcessingInitializeOnLoad (1ms)
				EditorAssembliesLoaded (0ms)
			ExecutionOrderSort2 (0ms)
			AwakeInstancesAfterBackupRestoration (12ms)
Platform modules already initialized, skipping
Refreshing native plugins compatible for Editor in 0.64 ms, found 3 plugins.
Preloading 0 native plugins for Editor in 0.00 ms.
Unloading 2080 Unused Serialized files (Serialized files now loaded: 0)
System memory in use before: 210.5 MB.
System memory in use after: 210.6 MB.

Unloading 14 unused Assets to reduce memory usage. Loaded Objects now: 2603.
Total: 4.495078 ms (FindLiveObjects: 0.309046 ms CreateObjectMapping: 0.131445 ms MarkObjects: 4.032286 ms  DeleteObjects: 0.020760 ms)

AssetImportParameters requested are different than current active one (requested -> active):
  custom:video-decoder-ogg-theora: a1e56fd34408186e4bbccfd4996cb3dc -> 
  custom:container-muxer-webm: aa71ff27fc2769a1b78a27578f13a17b -> 
  custom:container-demuxer-webm: 4f35f7cbe854078d1ac9338744f61a02 -> 
  custom:container-demuxer-ogg: 62fdf1f143b41e24485cea50d1cbac27 -> 
  custom:video-encoder-webm-vp8: eb34c28f22e8b96e1ab97ce403110664 -> 
  custom:framework-osx-AVFoundation: e770b220cccbd017edd2c1fefb359320 -> 
  custom:video-decoder-webm-vp8: 9c59270c3fd7afecdb556c50c9e8de78 -> 
  custom:audio-decoder-ogg-vorbis: bf7c407c2cedff20999df2af8eb42d56 -> 
  custom:audio-encoder-webm-vorbis: bf7c407c2cedff20999df2af8eb42d56 -> 
========================================================================
Received Prepare
Registering precompiled user dll's ...
Registered in 0.013627 seconds.
Begin MonoManager ReloadAssembly
Native extension for OSXStandalone target not found
Refreshing native plugins compatible for Editor in 0.40 ms, found 3 plugins.
Preloading 0 native plugins for Editor in 0.00 ms.
Mono: successfully reloaded assembly
- Completed reload, in  1.408 seconds
Domain Reload Profiling:
	ReloadAssembly (1409ms)
		BeginReloadAssembly (181ms)
			ExecutionOrderSort (0ms)
			DisableScriptedObjects (8ms)
			BackupInstance (0ms)
			ReleaseScriptingObjects (0ms)
			CreateAndSetChildDomain (72ms)
		EndReloadAssembly (1155ms)
			LoadAssemblies (161ms)
			RebuildTransferFunctionScriptingTraits (0ms)
			SetupTypeCache (398ms)
			ReleaseScriptCaches (1ms)
			RebuildScriptCaches (61ms)
			SetupLoadedEditorAssemblies (405ms)
				LogAssemblyErrors (0ms)
				InitializePlatformSupportModulesInManaged (7ms)
				SetLoadedEditorAssemblies (1ms)
				RefreshPlugins (0ms)
				BeforeProcessingInitializeOnLoad (118ms)
				ProcessInitializeOnLoadAttributes (271ms)
				ProcessInitializeOnLoadMethodAttributes (7ms)
				AfterProcessingInitializeOnLoad (1ms)
				EditorAssembliesLoaded (0ms)
			ExecutionOrderSort2 (0ms)
			AwakeInstancesAfterBackupRestoration (16ms)
Platform modules already initialized, skipping
Refreshing native plugins compatible for Editor in 0.46 ms, found 3 plugins.
Preloading 0 native plugins for Editor in 0.00 ms.
Unloading 2080 Unused Serialized files (Serialized files now loaded: 0)
System memory in use before: 210.7 MB.
System memory in use after: 210.9 MB.

Unloading 14 unused Assets to reduce memory usage. Loaded Objects now: 2606.
Total: 2.955831 ms (FindLiveObjects: 0.171360 ms CreateObjectMapping: 0.057453 ms MarkObjects: 2.654688 ms  DeleteObjects: 0.071208 ms)

AssetImportParameters requested are different than current active one (requested -> active):
  custom:video-decoder-ogg-theora: a1e56fd34408186e4bbccfd4996cb3dc -> 
  custom:container-muxer-webm: aa71ff27fc2769a1b78a27578f13a17b -> 
  custom:container-demuxer-webm: 4f35f7cbe854078d1ac9338744f61a02 -> 
  custom:container-demuxer-ogg: 62fdf1f143b41e24485cea50d1cbac27 -> 
  custom:video-encoder-webm-vp8: eb34c28f22e8b96e1ab97ce403110664 -> 
  custom:framework-osx-AVFoundation: e770b220cccbd017edd2c1fefb359320 -> 
  custom:video-decoder-webm-vp8: 9c59270c3fd7afecdb556c50c9e8de78 -> 
  custom:audio-decoder-ogg-vorbis: bf7c407c2cedff20999df2af8eb42d56 -> 
  custom:audio-encoder-webm-vorbis: bf7c407c2cedff20999df2af8eb42d56 -> 
========================================================================
Received Prepare
Registering precompiled user dll's ...
Registered in 0.003960 seconds.
Begin MonoManager ReloadAssembly
Native extension for OSXStandalone target not found
Refreshing native plugins compatible for Editor in 0.44 ms, found 3 plugins.
Preloading 0 native plugins for Editor in 0.00 ms.
Mono: successfully reloaded assembly
- Completed reload, in  1.267 seconds
Domain Reload Profiling:
	ReloadAssembly (1268ms)
		BeginReloadAssembly (157ms)
			ExecutionOrderSort (0ms)
			DisableScriptedObjects (7ms)
			BackupInstance (0ms)
			ReleaseScriptingObjects (0ms)
			CreateAndSetChildDomain (71ms)
		EndReloadAssembly (1038ms)
			LoadAssemblies (115ms)
			RebuildTransferFunctionScriptingTraits (0ms)
			SetupTypeCache (365ms)
			ReleaseScriptCaches (1ms)
			RebuildScriptCaches (57ms)
			SetupLoadedEditorAssemblies (376ms)
				LogAssemblyErrors (0ms)
				InitializePlatformSupportModulesInManaged (5ms)
				SetLoadedEditorAssemblies (1ms)
				RefreshPlugins (1ms)
				BeforeProcessingInitializeOnLoad (120ms)
				ProcessInitializeOnLoadAttributes (242ms)
				ProcessInitializeOnLoadMethodAttributes (6ms)
				AfterProcessingInitializeOnLoad (1ms)
				EditorAssembliesLoaded (0ms)
			ExecutionOrderSort2 (0ms)
			AwakeInstancesAfterBackupRestoration (12ms)
Platform modules already initialized, skipping
Refreshing native plugins compatible for Editor in 0.50 ms, found 3 plugins.
Preloading 0 native plugins for Editor in 0.00 ms.
Unloading 2080 Unused Serialized files (Serialized files now loaded: 0)
System memory in use before: 210.9 MB.
System memory in use after: 211.1 MB.

Unloading 14 unused Assets to reduce memory usage. Loaded Objects now: 2609.
Total: 2.916678 ms (FindLiveObjects: 0.198968 ms CreateObjectMapping: 0.056630 ms MarkObjects: 2.644251 ms  DeleteObjects: 0.015473 ms)

AssetImportParameters requested are different than current active one (requested -> active):
  custom:video-decoder-ogg-theora: a1e56fd34408186e4bbccfd4996cb3dc -> 
  custom:container-muxer-webm: aa71ff27fc2769a1b78a27578f13a17b -> 
  custom:container-demuxer-webm: 4f35f7cbe854078d1ac9338744f61a02 -> 
  custom:container-demuxer-ogg: 62fdf1f143b41e24485cea50d1cbac27 -> 
  custom:video-encoder-webm-vp8: eb34c28f22e8b96e1ab97ce403110664 -> 
  custom:framework-osx-AVFoundation: e770b220cccbd017edd2c1fefb359320 -> 
  custom:video-decoder-webm-vp8: 9c59270c3fd7afecdb556c50c9e8de78 -> 
  custom:audio-decoder-ogg-vorbis: bf7c407c2cedff20999df2af8eb42d56 -> 
  custom:audio-encoder-webm-vorbis: bf7c407c2cedff20999df2af8eb42d56 -> 
========================================================================
Received Import Request.
  Time since last request: 3382.185049 seconds.
  path: Assets/Art/Sprites/Environmnent/MetalCube.png
  artifactKey: Guid(b9244d299d06eea4fa3e8b8b6da46af5) Importer(815301076,1909f56bfc062723c751e8b465ee728b)
Start importing Assets/Art/Sprites/Environmnent/MetalCube.png using Guid(b9244d299d06eea4fa3e8b8b6da46af5) Importer(815301076,1909f56bfc062723c751e8b465ee728b)  -> (artifact id: 'ef47bdf69bf7a82d32139225aefe3ce8') in 0.089961 seconds 
  Import took 0.096131 seconds .

========================================================================
Received Import Request.
  Time since last request: 76.057948 seconds.
  path: Assets/Art/Sprites/Ruby.png
  artifactKey: Guid(0c1236b3694cd49ba85c84d6e33d3b21) Importer(815301076,1909f56bfc062723c751e8b465ee728b)
Start importing Assets/Art/Sprites/Ruby.png using Guid(0c1236b3694cd49ba85c84d6e33d3b21) Importer(815301076,1909f56bfc062723c751e8b465ee728b)  -> (artifact id: '262b1e5a0b98671b2916706a30c5af8a') in 0.015896 seconds 
  Import took 0.021253 seconds .

========================================================================
Received Prepare
Registering precompiled user dll's ...
Registered in 0.003454 seconds.
Begin MonoManager ReloadAssembly
Native extension for OSXStandalone target not found
Refreshing native plugins compatible for Editor in 0.45 ms, found 3 plugins.
Preloading 0 native plugins for Editor in 0.00 ms.
Mono: successfully reloaded assembly
- Completed reload, in  1.380 seconds
Domain Reload Profiling:
	ReloadAssembly (1380ms)
		BeginReloadAssembly (167ms)
			ExecutionOrderSort (0ms)
			DisableScriptedObjects (8ms)
			BackupInstance (0ms)
			ReleaseScriptingObjects (0ms)
			CreateAndSetChildDomain (77ms)
		EndReloadAssembly (1127ms)
			LoadAssemblies (117ms)
			RebuildTransferFunctionScriptingTraits (0ms)
			SetupTypeCache (410ms)
			ReleaseScriptCaches (1ms)
			RebuildScriptCaches (61ms)
			SetupLoadedEditorAssemblies (403ms)
				LogAssemblyErrors (0ms)
				InitializePlatformSupportModulesInManaged (5ms)
				SetLoadedEditorAssemblies (1ms)
				RefreshPlugins (0ms)
				BeforeProcessingInitializeOnLoad (125ms)
				ProcessInitializeOnLoadAttributes (262ms)
				ProcessInitializeOnLoadMethodAttributes (7ms)
				AfterProcessingInitializeOnLoad (2ms)
				EditorAssembliesLoaded (0ms)
			ExecutionOrderSort2 (0ms)
			AwakeInstancesAfterBackupRestoration (14ms)
Platform modules already initialized, skipping
Refreshing native plugins compatible for Editor in 0.41 ms, found 3 plugins.
Preloading 0 native plugins for Editor in 0.00 ms.
Unloading 2080 Unused Serialized files (Serialized files now loaded: 0)
System memory in use before: 211.2 MB.
System memory in use after: 211.3 MB.

Unloading 14 unused Assets to reduce memory usage. Loaded Objects now: 2615.
Total: 3.890588 ms (FindLiveObjects: 0.198600 ms CreateObjectMapping: 0.088109 ms MarkObjects: 3.544394 ms  DeleteObjects: 0.058324 ms)

AssetImportParameters requested are different than current active one (requested -> active):
  custom:video-decoder-ogg-theora: a1e56fd34408186e4bbccfd4996cb3dc -> 
  custom:container-muxer-webm: aa71ff27fc2769a1b78a27578f13a17b -> 
  custom:container-demuxer-webm: 4f35f7cbe854078d1ac9338744f61a02 -> 
  custom:container-demuxer-ogg: 62fdf1f143b41e24485cea50d1cbac27 -> 
  custom:video-encoder-webm-vp8: eb34c28f22e8b96e1ab97ce403110664 -> 
  custom:framework-osx-AVFoundation: e770b220cccbd017edd2c1fefb359320 -> 
  custom:video-decoder-webm-vp8: 9c59270c3fd7afecdb556c50c9e8de78 -> 
  custom:audio-decoder-ogg-vorbis: bf7c407c2cedff20999df2af8eb42d56 -> 
  custom:audio-encoder-webm-vorbis: bf7c407c2cedff20999df2af8eb42d56 -> 
========================================================================
Received Import Request.
  Time since last request: 40.730515 seconds.
  path: Assets/Prefabs
  artifactKey: Guid(de8ac044a16fe4e579aa958df3c066ab) Importer(815301076,1909f56bfc062723c751e8b465ee728b)
Start importing Assets/Prefabs using Guid(de8ac044a16fe4e579aa958df3c066ab) Importer(815301076,1909f56bfc062723c751e8b465ee728b)  -> (artifact id: 'c0050ef57d70229140fde79d93cb22b8') in 0.006631 seconds 
  Import took 0.010937 seconds .

========================================================================
Received Import Request.
  Time since last request: 3.278657 seconds.
  path: Assets/Prefabs/MetalCube.prefab
  artifactKey: Guid(eacdd591b65ea4043b03d8be8fab82e5) Importer(815301076,1909f56bfc062723c751e8b465ee728b)
Start importing Assets/Prefabs/MetalCube.prefab using Guid(eacdd591b65ea4043b03d8be8fab82e5) Importer(815301076,1909f56bfc062723c751e8b465ee728b)  -> (artifact id: '4d4aa2c1901541b1e363fd459bf3bee4') in 0.102721 seconds 
  Import took 0.108318 seconds .

========================================================================
Received Import Request.
  Time since last request: 0.019738 seconds.
  path: Assets/Prefabs/MetalCube.prefab
  artifactKey: Guid(eacdd591b65ea4043b03d8be8fab82e5) Importer(815301076,1909f56bfc062723c751e8b465ee728b)
Start importing Assets/Prefabs/MetalCube.prefab using Guid(eacdd591b65ea4043b03d8be8fab82e5) Importer(815301076,1909f56bfc062723c751e8b465ee728b)  -> (artifact id: '4d4aa2c1901541b1e363fd459bf3bee4') in 0.009992 seconds 
  Import took 0.013754 seconds .

========================================================================
Received Import Request.
  Time since last request: 28.518514 seconds.
  path: Assets/Prefabs/MetalCube.prefab
  artifactKey: Guid(eacdd591b65ea4043b03d8be8fab82e5) Importer(815301076,1909f56bfc062723c751e8b465ee728b)
Start importing Assets/Prefabs/MetalCube.prefab using Guid(eacdd591b65ea4043b03d8be8fab82e5) Importer(815301076,1909f56bfc062723c751e8b465ee728b)  -> (artifact id: 'cb6d40991967552c0d71a4eea7bf3c19') in 0.018767 seconds 
  Import took 0.024226 seconds .

========================================================================
Received Import Request.
  Time since last request: 35.047598 seconds.
  path: Assets/Prefabs/MetalCube.prefab
  artifactKey: Guid(eacdd591b65ea4043b03d8be8fab82e5) Importer(815301076,1909f56bfc062723c751e8b465ee728b)
Start importing Assets/Prefabs/MetalCube.prefab using Guid(eacdd591b65ea4043b03d8be8fab82e5) Importer(815301076,1909f56bfc062723c751e8b465ee728b)  -> (artifact id: '996215e225827919472345ad108c3dc4') in 0.019473 seconds 
  Import took 0.025238 seconds .

========================================================================
Received Import Request.
  Time since last request: 26.635739 seconds.
  path: Assets/Prefabs/MetalCube.prefab
  artifactKey: Guid(eacdd591b65ea4043b03d8be8fab82e5) Importer(815301076,1909f56bfc062723c751e8b465ee728b)
Start importing Assets/Prefabs/MetalCube.prefab using Guid(eacdd591b65ea4043b03d8be8fab82e5) Importer(815301076,1909f56bfc062723c751e8b465ee728b)  -> (artifact id: 'a701a63759f090a7f10d0df977a30ea5') in 0.020657 seconds 
  Import took 0.024977 seconds .

========================================================================
Received Import Request.
  Time since last request: 25.660086 seconds.
  path: Assets/Art/Sprites/Environmnent/MetalCube.png
  artifactKey: Guid(b9244d299d06eea4fa3e8b8b6da46af5) Importer(815301076,1909f56bfc062723c751e8b465ee728b)
Start importing Assets/Art/Sprites/Environmnent/MetalCube.png using Guid(b9244d299d06eea4fa3e8b8b6da46af5) Importer(815301076,1909f56bfc062723c751e8b465ee728b)  -> (artifact id: 'e775b4c653a685ce0c394638431e6255') in 0.037229 seconds 
  Import took 0.042040 seconds .

========================================================================
Received Import Request.
  Time since last request: 10.348804 seconds.
  path: Assets/Art/Sprites/Environmnent/MetalCube.png
  artifactKey: Guid(b9244d299d06eea4fa3e8b8b6da46af5) Importer(815301076,1909f56bfc062723c751e8b465ee728b)
Start importing Assets/Art/Sprites/Environmnent/MetalCube.png using Guid(b9244d299d06eea4fa3e8b8b6da46af5) Importer(815301076,1909f56bfc062723c751e8b465ee728b)  -> (artifact id: 'ecd54bc6223b1b339e636c2a4d77f158') in 0.015881 seconds 
  Import took 0.020829 seconds .

========================================================================
Received Import Request.
  Time since last request: 39.915518 seconds.
  path: Assets/Art/Sprites/Environmnent/House.png
  artifactKey: Guid(f27ebbf5c345352429b99a3dec7ae33e) Importer(815301076,1909f56bfc062723c751e8b465ee728b)
Start importing Assets/Art/Sprites/Environmnent/House.png using Guid(f27ebbf5c345352429b99a3dec7ae33e) Importer(815301076,1909f56bfc062723c751e8b465ee728b)  -> (artifact id: '143d5c6177813fb1099d243050724b0f') in 0.026637 seconds 
  Import took 0.034280 seconds .

========================================================================
Received Import Request.
  Time since last request: 48.317647 seconds.
  path: Assets/Art/Sprites/Environmnent/Mushrooms.png
  artifactKey: Guid(6acbda5bb54c19b4eb60c2674048dac2) Importer(815301076,1909f56bfc062723c751e8b465ee728b)
Start importing Assets/Art/Sprites/Environmnent/Mushrooms.png using Guid(6acbda5bb54c19b4eb60c2674048dac2) Importer(815301076,1909f56bfc062723c751e8b465ee728b)  -> (artifact id: '909e79e1430423d6b7651f9be8b930a5') in 0.014717 seconds 
  Import took 0.021852 seconds .

========================================================================
Received Import Request.
  Time since last request: 8.294063 seconds.
  path: Assets/Prefabs/House.prefab
  artifactKey: Guid(34a3e60bb79d343f78cd16c933d7e054) Importer(815301076,1909f56bfc062723c751e8b465ee728b)
Start importing Assets/Prefabs/House.prefab using Guid(34a3e60bb79d343f78cd16c933d7e054) Importer(815301076,1909f56bfc062723c751e8b465ee728b)  -> (artifact id: '958085e2f982b6e23ecdc3c494755c8f') in 0.015530 seconds 
  Import took 0.020679 seconds .

========================================================================
Received Import Request.
  Time since last request: 2.045599 seconds.
  path: Assets/Prefabs/Mushrooms.prefab
  artifactKey: Guid(c1633437fc2ff45ee972363e9e9cc409) Importer(815301076,1909f56bfc062723c751e8b465ee728b)
Start importing Assets/Prefabs/Mushrooms.prefab using Guid(c1633437fc2ff45ee972363e9e9cc409) Importer(815301076,1909f56bfc062723c751e8b465ee728b)  -> (artifact id: '288ea25f38afb5737ac71900cae9c986') in 0.015759 seconds 
  Import took 0.021738 seconds .

========================================================================
Received Import Request.
  Time since last request: 31.059643 seconds.
  path: Assets/Art/Sprites/Environmnent/LotusFlower.png
  artifactKey: Guid(010b5c856073f70428956b10534fd3a6) Importer(815301076,1909f56bfc062723c751e8b465ee728b)
Start importing Assets/Art/Sprites/Environmnent/LotusFlower.png using Guid(010b5c856073f70428956b10534fd3a6) Importer(815301076,1909f56bfc062723c751e8b465ee728b)  -> (artifact id: 'ec7ae1ee7252b2b7a036169e00ff32ca') in 0.019009 seconds 
  Import took 0.024809 seconds .

========================================================================
Received Import Request.
  Time since last request: 24.205707 seconds.
  path: Assets/Prefabs/LotusFlower.prefab
  artifactKey: Guid(69b763ae01ab24140a0bbad1a63f934f) Importer(815301076,1909f56bfc062723c751e8b465ee728b)
Start importing Assets/Prefabs/LotusFlower.prefab using Guid(69b763ae01ab24140a0bbad1a63f934f) Importer(815301076,1909f56bfc062723c751e8b465ee728b)  -> (artifact id: '037e198dc63cf5b36e27d318f06a8b38') in 0.014407 seconds 
  Import took 0.019118 seconds .

========================================================================
Received Import Request.
  Time since last request: 14.832027 seconds.
  path: Assets/Art/Sprites/Environmnent/LotusFlower.png
  artifactKey: Guid(010b5c856073f70428956b10534fd3a6) Importer(815301076,1909f56bfc062723c751e8b465ee728b)
Start importing Assets/Art/Sprites/Environmnent/LotusFlower.png using Guid(010b5c856073f70428956b10534fd3a6) Importer(815301076,1909f56bfc062723c751e8b465ee728b)  -> (artifact id: '5db3335718cdf5e29fcd8c453cd7ab8b') in 0.017159 seconds 
  Import took 0.022563 seconds .

========================================================================
Received Import Request.
  Time since last request: 4.122819 seconds.
  path: Assets/Art/Sprites/Environmnent/LotusFlower.png
  artifactKey: Guid(010b5c856073f70428956b10534fd3a6) Importer(815301076,1909f56bfc062723c751e8b465ee728b)
Start importing Assets/Art/Sprites/Environmnent/LotusFlower.png using Guid(010b5c856073f70428956b10534fd3a6) Importer(815301076,1909f56bfc062723c751e8b465ee728b)  -> (artifact id: '12c9cfbe61b7d3202841b414278b266e') in 0.015651 seconds 
  Import took 0.021301 seconds .

========================================================================
Received Import Request.
  Time since last request: 16.821785 seconds.
  path: Assets/Art/Sprites/Environmnent/House.png
  artifactKey: Guid(f27ebbf5c345352429b99a3dec7ae33e) Importer(815301076,1909f56bfc062723c751e8b465ee728b)
Start importing Assets/Art/Sprites/Environmnent/House.png using Guid(f27ebbf5c345352429b99a3dec7ae33e) Importer(815301076,1909f56bfc062723c751e8b465ee728b)  -> (artifact id: '0836a7349fa337585830fc3e70824a25') in 0.021290 seconds 
  Import took 0.028310 seconds .

========================================================================
Received Import Request.
  Time since last request: 18.566505 seconds.
  path: Assets/Art/Sprites/Environmnent/House.png
  artifactKey: Guid(f27ebbf5c345352429b99a3dec7ae33e) Importer(815301076,1909f56bfc062723c751e8b465ee728b)
Start importing Assets/Art/Sprites/Environmnent/House.png using Guid(f27ebbf5c345352429b99a3dec7ae33e) Importer(815301076,1909f56bfc062723c751e8b465ee728b)  -> (artifact id: 'c629c82fdefab66d96a93ec126a9cf15') in 0.016983 seconds 
  Import took 0.022267 seconds .

========================================================================
Received Import Request.
  Time since last request: 18.181471 seconds.
  path: Assets/Prefabs/TreeBig2.prefab
  artifactKey: Guid(6cb4ee62c318845629054ac6f079e017) Importer(815301076,1909f56bfc062723c751e8b465ee728b)
Start importing Assets/Prefabs/TreeBig2.prefab using Guid(6cb4ee62c318845629054ac6f079e017) Importer(815301076,1909f56bfc062723c751e8b465ee728b)  -> (artifact id: '60790b5887c618fb430a768470eabe0b') in 0.014426 seconds 
  Import took 0.020290 seconds .

========================================================================
Received Import Request.
  Time since last request: 18.914682 seconds.
  path: Assets/Prefabs/TreeBig2.prefab
  artifactKey: Guid(6cb4ee62c318845629054ac6f079e017) Importer(815301076,1909f56bfc062723c751e8b465ee728b)
Start importing Assets/Prefabs/TreeBig2.prefab using Guid(6cb4ee62c318845629054ac6f079e017) Importer(815301076,1909f56bfc062723c751e8b465ee728b)  -> (artifact id: 'b82c0be494dbe08ab84c045cc1b3c9f0') in 0.011332 seconds 
  Import took 0.017488 seconds .

========================================================================
Received Import Request.
  Time since last request: 13.700753 seconds.
  path: Assets/Art/Sprites/Environmnent/House.png
  artifactKey: Guid(f27ebbf5c345352429b99a3dec7ae33e) Importer(815301076,1909f56bfc062723c751e8b465ee728b)
Start importing Assets/Art/Sprites/Environmnent/House.png using Guid(f27ebbf5c345352429b99a3dec7ae33e) Importer(815301076,1909f56bfc062723c751e8b465ee728b)  -> (artifact id: '3ba4f15ae08aafccc7c48cddc42c9421') in 0.018253 seconds 
  Import took 0.024870 seconds .

========================================================================
Received Import Request.
  Time since last request: 10.511052 seconds.
  path: Assets/Art/Sprites/Environmnent/LotusFlower.png
  artifactKey: Guid(010b5c856073f70428956b10534fd3a6) Importer(815301076,1909f56bfc062723c751e8b465ee728b)
Start importing Assets/Art/Sprites/Environmnent/LotusFlower.png using Guid(010b5c856073f70428956b10534fd3a6) Importer(815301076,1909f56bfc062723c751e8b465ee728b)  -> (artifact id: '42b0ff797deeee988baf7e191e791576') in 0.015844 seconds 
  Import took 0.021375 seconds .

========================================================================
Received Import Request.
  Time since last request: 6.004362 seconds.
  path: Assets/Art/Sprites/Environmnent/Mushrooms.png
  artifactKey: Guid(6acbda5bb54c19b4eb60c2674048dac2) Importer(815301076,1909f56bfc062723c751e8b465ee728b)
Start importing Assets/Art/Sprites/Environmnent/Mushrooms.png using Guid(6acbda5bb54c19b4eb60c2674048dac2) Importer(815301076,1909f56bfc062723c751e8b465ee728b)  -> (artifact id: '8eb7152ebc437407d0052c113d2b3b58') in 0.014887 seconds 
  Import took 0.020702 seconds .

========================================================================
Received Import Request.
  Time since last request: 4.537036 seconds.
  path: Assets/Art/Sprites/Environmnent/TreeBig2.png
  artifactKey: Guid(36d4547ce489e7041990fd8545a07142) Importer(815301076,1909f56bfc062723c751e8b465ee728b)
Start importing Assets/Art/Sprites/Environmnent/TreeBig2.png using Guid(36d4547ce489e7041990fd8545a07142) Importer(815301076,1909f56bfc062723c751e8b465ee728b)  -> (artifact id: '941a80c157ca04a4ced59564612d2b1b') in 0.015772 seconds 
  Import took 0.021630 seconds .

========================================================================
Received Import Request.
  Time since last request: 10.638016 seconds.
  path: Assets/Art/Sprites/Environmnent/GrassSmall.png
  artifactKey: Guid(8f629954bb45aa74a8bf21f8e6b95975) Importer(815301076,1909f56bfc062723c751e8b465ee728b)
Start importing Assets/Art/Sprites/Environmnent/GrassSmall.png using Guid(8f629954bb45aa74a8bf21f8e6b95975) Importer(815301076,1909f56bfc062723c751e8b465ee728b)  -> (artifact id: 'baf9e8905262072229c8b0298ef68c39') in 0.016269 seconds 
  Import took 0.021802 seconds .

========================================================================
Received Import Request.
  Time since last request: 13.921656 seconds.
  path: Assets/Art/Sprites/Environmnent/GrassSmall.png
  artifactKey: Guid(8f629954bb45aa74a8bf21f8e6b95975) Importer(815301076,1909f56bfc062723c751e8b465ee728b)
Start importing Assets/Art/Sprites/Environmnent/GrassSmall.png using Guid(8f629954bb45aa74a8bf21f8e6b95975) Importer(815301076,1909f56bfc062723c751e8b465ee728b)  -> (artifact id: 'b47dbff3c1b5e937b916b184a399a286') in 0.021844 seconds 
  Import took 0.027243 seconds .

========================================================================
Received Import Request.
  Time since last request: 146.117507 seconds.
  path: Assets/Art/Sprites/Environmnent/TreeBig3.png
  artifactKey: Guid(1d50d21b43458424aa7759b50224c034) Importer(815301076,1909f56bfc062723c751e8b465ee728b)
Start importing Assets/Art/Sprites/Environmnent/TreeBig3.png using Guid(1d50d21b43458424aa7759b50224c034) Importer(815301076,1909f56bfc062723c751e8b465ee728b)  -> (artifact id: '18259e166972ddd46eba8eca17745f41') in 0.021830 seconds 
  Import took 0.027621 seconds .

========================================================================
Received Import Request.
  Time since last request: 13.426036 seconds.
  path: Assets/Prefabs/TreeBig3.prefab
  artifactKey: Guid(fd15bfafa7ea447479cdd69ba77cc961) Importer(815301076,1909f56bfc062723c751e8b465ee728b)
Start importing Assets/Prefabs/TreeBig3.prefab using Guid(fd15bfafa7ea447479cdd69ba77cc961) Importer(815301076,1909f56bfc062723c751e8b465ee728b)  -> (artifact id: 'a2d122c37f6c20df5f6810807453cc83') in 0.012438 seconds 
  Import took 0.018393 seconds .

========================================================================
Received Import Request.
  Time since last request: 75.792275 seconds.
  path: Assets/Art/Sprites/Environmnent/DrainCover.png
  artifactKey: Guid(186979b672303144e9af33f5940487e6) Importer(815301076,1909f56bfc062723c751e8b465ee728b)
Start importing Assets/Art/Sprites/Environmnent/DrainCover.png using Guid(186979b672303144e9af33f5940487e6) Importer(815301076,1909f56bfc062723c751e8b465ee728b)  -> (artifact id: '568711b9a78b63f75d4e88aa2478a9af') in 0.013391 seconds 
  Import took 0.020252 seconds .

========================================================================
Received Import Request.
  Time since last request: 9.299720 seconds.
  path: Assets/Prefabs/DrainCover.prefab
  artifactKey: Guid(ffc3ff0f7ba774e6e95db7e0e3201282) Importer(815301076,1909f56bfc062723c751e8b465ee728b)
Start importing Assets/Prefabs/DrainCover.prefab using Guid(ffc3ff0f7ba774e6e95db7e0e3201282) Importer(815301076,1909f56bfc062723c751e8b465ee728b)  -> (artifact id: 'c4406da106abbf5a223d5c1b9505bc0d') in 0.012133 seconds 
  Import took 0.016857 seconds .

========================================================================
Received Import Request.
  Time since last request: 47.670514 seconds.
  path: Assets/Art/Sprites/Environmnent/Damageable.png
  artifactKey: Guid(0e15259342e82ee4f813807e5b28c0f3) Importer(815301076,1909f56bfc062723c751e8b465ee728b)
Start importing Assets/Art/Sprites/Environmnent/Damageable.png using Guid(0e15259342e82ee4f813807e5b28c0f3) Importer(815301076,1909f56bfc062723c751e8b465ee728b)  -> (artifact id: '5552340bd342fd9af7cf18a93b1098df') in 0.024355 seconds 
  Import took 0.029879 seconds .

========================================================================
Received Import Request.
  Time since last request: 6.846479 seconds.
  path: Assets/Art/Sprites/Environmnent/Damageable.png
  artifactKey: Guid(0e15259342e82ee4f813807e5b28c0f3) Importer(815301076,1909f56bfc062723c751e8b465ee728b)
Start importing Assets/Art/Sprites/Environmnent/Damageable.png using Guid(0e15259342e82ee4f813807e5b28c0f3) Importer(815301076,1909f56bfc062723c751e8b465ee728b)  -> (artifact id: '2e31ad5ecaa13df560ed944fb2d6b42e') in 0.018095 seconds 
  Import took 0.023147 seconds .

========================================================================
Received Import Request.
  Time since last request: 17.761983 seconds.
  path: Assets/Prefabs/Damageable.prefab
  artifactKey: Guid(f5450f66622494abc9575d2698d711cd) Importer(815301076,1909f56bfc062723c751e8b465ee728b)
Start importing Assets/Prefabs/Damageable.prefab using Guid(f5450f66622494abc9575d2698d711cd) Importer(815301076,1909f56bfc062723c751e8b465ee728b)  -> (artifact id: 'b407db9765765030e5c4b197ab3ea306') in 0.013576 seconds 
  Import took 0.019408 seconds .

========================================================================
Received Import Request.
  Time since last request: 40.298838 seconds.
  path: Assets/Prefabs/Ruby.prefab
  artifactKey: Guid(17b8baf2d6e1a4503873437b34d78b2d) Importer(815301076,1909f56bfc062723c751e8b465ee728b)
Start importing Assets/Prefabs/Ruby.prefab using Guid(17b8baf2d6e1a4503873437b34d78b2d) Importer(815301076,1909f56bfc062723c751e8b465ee728b)  -> (artifact id: '4b45328893cd1c1a4089c7042a02e0b4') in 0.014897 seconds 
  Import took 0.020328 seconds .

========================================================================
Received Import Request.
  Time since last request: 15.504970 seconds.
  path: Assets/Prefabs/Ruby.prefab
  artifactKey: Guid(17b8baf2d6e1a4503873437b34d78b2d) Importer(815301076,1909f56bfc062723c751e8b465ee728b)
Start importing Assets/Prefabs/Ruby.prefab using Guid(17b8baf2d6e1a4503873437b34d78b2d) Importer(815301076,1909f56bfc062723c751e8b465ee728b)  -> (artifact id: '79063c1a2806dbf5b719128d1a762633') in 0.013269 seconds 
  Import took 0.020395 seconds .

========================================================================
Received Import Request.
  Time since last request: 12.842958 seconds.
  path: Assets/Prefabs/Ruby.prefab
  artifactKey: Guid(17b8baf2d6e1a4503873437b34d78b2d) Importer(815301076,1909f56bfc062723c751e8b465ee728b)
Start importing Assets/Prefabs/Ruby.prefab using Guid(17b8baf2d6e1a4503873437b34d78b2d) Importer(815301076,1909f56bfc062723c751e8b465ee728b)  -> (artifact id: '884d8721b251b8887f794fd61d85f58c') in 0.015922 seconds 
  Import took 0.022017 seconds .

